<?xml version="1.0" encoding="UTF-8"?>
<!-- Generated by org.testng.reporters.JUnitReportReporter -->
<testsuite hostname="TYSS-Vasuki" failures="0" tests="1" name="orangeHRM.LoginTest" time="10.376" errors="0" timestamp="2024-05-11T10:13:31 IST" skipped="0">
  <testcase classname="orangeHRM.LoginTest" name="validateloginwithEmptypassword" time="10.376"/>
</testsuite> <!-- orangeHRM.LoginTest -->
