<?xml version="1.0" encoding="UTF-8"?>
<!-- Generated by org.testng.reporters.JUnitReportReporter -->
<testsuite hostname="TYSS-Vasuki" failures="0" tests="3" name="orangeHRM.EmployeeList" time="0.010" errors="0" timestamp="2024-04-08T11:16:04 IST" skipped="0">
  <testcase classname="orangeHRM.EmployeeList" name="SearchByEmployeeId" time="0.009"/>
  <testcase classname="orangeHRM.EmployeeList" name="SearchByEmployeeName" time="0.000"/>
  <testcase classname="orangeHRM.EmployeeList" name="SearchBySupervisorName" time="0.001"/>
</testsuite> <!-- orangeHRM.EmployeeList -->
