<?xml version="1.0" encoding="UTF-8"?>
<!-- Generated by org.testng.reporters.JUnitReportReporter -->
<testsuite hostname="TYSS-Vasuki" failures="0" tests="1" name="com.PIM.orangeHRM.ConfigurationTest" time="18.156" errors="0" timestamp="2024-05-12T16:24:59 IST" skipped="0">
  <testcase classname="com.PIM.orangeHRM.ConfigurationTest" name="OptionFieldEnablement" time="18.156"/>
</testsuite> <!-- com.PIM.orangeHRM.ConfigurationTest -->
