<?xml version="1.0" encoding="UTF-8"?>
<!-- Generated by org.testng.reporters.JUnitReportReporter -->
<testsuite hostname="TYSS-Vasuki" failures="0" tests="1" name="com.admin.orangeHRM.UserManagementTest$AddUser" time="7.094" errors="0" timestamp="2024-05-19T13:50:32 IST" skipped="0">
  <testcase classname="com.admin.orangeHRM.UserManagementTest$AddUser" name="SearchSystemUser" time="7.094"/>
</testsuite> <!-- com.admin.orangeHRM.UserManagementTest$AddUser -->
