<?xml version="1.0" encoding="UTF-8"?>
<!-- Generated by org.testng.reporters.JUnitReportReporter -->
<testsuite hostname="TYSS-Vasuki" failures="0" tests="1" name="orangeHRM.DashboardTest" time="4.808" errors="0" timestamp="2024-04-08T11:16:04 IST" skipped="0">
  <testcase classname="orangeHRM.DashboardTest" name="dashboardSection" time="4.808"/>
</testsuite> <!-- orangeHRM.DashboardTest -->
