<?xml version="1.0" encoding="UTF-8"?>
<!-- Generated by org.testng.reporters.JUnitReportReporter -->
<testsuite hostname="TYSS-Vasuki" failures="0" tests="4" name="com.login.orangeHRM.LoginTest" time="15.843" errors="0" timestamp="2024-05-13T12:23:59 IST" skipped="0">
  <testcase classname="com.login.orangeHRM.LoginTest" name="validateloginwithEmptypassword" time="1.466"/>
  <testcase classname="com.login.orangeHRM.LoginTest" name="validateloginwithEmptyusername" time="8.510"/>
  <testcase classname="com.login.orangeHRM.LoginTest" name="validateloginwithbothEmpty" time="1.482"/>
  <testcase classname="com.login.orangeHRM.LoginTest" name="loginTest" time="4.385"/>
</testsuite> <!-- com.login.orangeHRM.LoginTest -->
