<?xml version="1.0" encoding="UTF-8"?>
<!-- Generated by org.testng.reporters.JUnitReportReporter -->
<testsuite hostname="TYSS-Vasuki" failures="0" tests="1" name="com.dashboard.orangeHRM.DashboardTest" time="10.349" errors="0" timestamp="2024-05-13T12:23:59 IST" skipped="0">
  <testcase classname="com.dashboard.orangeHRM.DashboardTest" name="dashboardSection" time="10.349"/>
</testsuite> <!-- com.dashboard.orangeHRM.DashboardTest -->
