<?xml version="1.0" encoding="UTF-8"?>
<!-- Generated by org.testng.reporters.JUnitReportReporter -->
<testsuite hostname="TYSS-Vasuki" failures="0" tests="1" name="orangeHRM.EmployeeListTest" time="19.838" errors="0" timestamp="2024-05-04T14:13:41 IST" skipped="0">
  <testcase classname="orangeHRM.EmployeeListTest" name="AddNewEmployee" time="19.838"/>
</testsuite> <!-- orangeHRM.EmployeeListTest -->
